<!--NOTE: File not ignored only to present results-->

<?xml version="1.0" encoding="UTF-8"?>
<testsuite xmlns:xsi="http://www.w3.org/2001/XMLSchema-instance" xsi:noNamespaceSchemaLocation="https://maven.apache.org/surefire/maven-surefire-plugin/xsd/surefire-test-report-3.0.xsd" version="3.0" name="runner.testRunner" time="29.422" tests="41" errors="0" skipped="0" failures="0">
  <properties>
    <property name="sun.desktop" value="windows"/>
    <property name="awt.toolkit" value="sun.awt.windows.WToolkit"/>
    <property name="file.encoding.pkg" value="sun.io"/>
    <property name="java.specification.version" value="1.8"/>
    <property name="sun.cpu.isalist" value="amd64"/>
    <property name="sun.jnu.encoding" value="Cp1252"/>
    <property name="java.class.path" value="C:\Users\azegarrs\OneDrive - everis\Escritorio\Aprende\AprendeAMZS\interview-template-main\target\test-classes;C:\Users\azegarrs\OneDrive - everis\Escritorio\Aprende\AprendeAMZS\interview-template-main\target\classes;C:\Users\azegarrs\.m2\repository\io\cucumber\cucumber-java\6.8.1\cucumber-java-6.8.1.jar;C:\Users\azegarrs\.m2\repository\io\cucumber\cucumber-core\6.8.1\cucumber-core-6.8.1.jar;C:\Users\azegarrs\.m2\repository\io\cucumber\cucumber-gherkin\6.8.1\cucumber-gherkin-6.8.1.jar;C:\Users\azegarrs\.m2\repository\io\cucumber\cucumber-gherkin-messages\6.8.1\cucumber-gherkin-messages-6.8.1.jar;C:\Users\azegarrs\.m2\repository\io\cucumber\tag-expressions\3.0.0\tag-expressions-3.0.0.jar;C:\Users\azegarrs\.m2\repository\io\cucumber\cucumber-expressions\10.3.0\cucumber-expressions-10.3.0.jar;C:\Users\azegarrs\.m2\repository\io\cucumber\datatable\3.5.0\datatable-3.5.0.jar;C:\Users\azegarrs\.m2\repository\io\cucumber\cucumber-plugin\6.8.1\cucumber-plugin-6.8.1.jar;C:\Users\azegarrs\.m2\repository\io\cucumber\docstring\6.8.1\docstring-6.8.1.jar;C:\Users\azegarrs\.m2\repository\io\cucumber\html-formatter\9.0.0\html-formatter-9.0.0.jar;C:\Users\azegarrs\.m2\repository\io\cucumber\create-meta\2.0.2\create-meta-2.0.2.jar;C:\Users\azegarrs\.m2\repository\org\apiguardian\apiguardian-api\1.1.0\apiguardian-api-1.1.0.jar;C:\Users\azegarrs\.m2\repository\io\cucumber\cucumber-picocontainer\6.8.1\cucumber-picocontainer-6.8.1.jar;C:\Users\azegarrs\.m2\repository\org\picocontainer\picocontainer\2.15\picocontainer-2.15.jar;C:\Users\azegarrs\.m2\repository\io\cucumber\cucumber-junit\6.8.1\cucumber-junit-6.8.1.jar;C:\Users\azegarrs\.m2\repository\io\cucumber\gherkin\15.0.2\gherkin-15.0.2.jar;C:\Users\azegarrs\.m2\repository\io\cucumber\messages\13.2.1\messages-13.2.1.jar;C:\Users\azegarrs\.m2\repository\org\seleniumhq\selenium\selenium-java\3.7.1\selenium-java-3.7.1.jar;C:\Users\azegarrs\.m2\repository\org\seleniumhq\selenium\selenium-api\3.7.1\selenium-api-3.7.1.jar;C:\Users\azegarrs\.m2\repository\org\seleniumhq\selenium\selenium-chrome-driver\3.7.1\selenium-chrome-driver-3.7.1.jar;C:\Users\azegarrs\.m2\repository\org\seleniumhq\selenium\selenium-edge-driver\3.7.1\selenium-edge-driver-3.7.1.jar;C:\Users\azegarrs\.m2\repository\org\seleniumhq\selenium\selenium-firefox-driver\3.7.1\selenium-firefox-driver-3.7.1.jar;C:\Users\azegarrs\.m2\repository\org\seleniumhq\selenium\selenium-ie-driver\3.7.1\selenium-ie-driver-3.7.1.jar;C:\Users\azegarrs\.m2\repository\org\seleniumhq\selenium\selenium-opera-driver\3.7.1\selenium-opera-driver-3.7.1.jar;C:\Users\azegarrs\.m2\repository\org\seleniumhq\selenium\selenium-remote-driver\3.7.1\selenium-remote-driver-3.7.1.jar;C:\Users\azegarrs\.m2\repository\org\seleniumhq\selenium\selenium-safari-driver\3.7.1\selenium-safari-driver-3.7.1.jar;C:\Users\azegarrs\.m2\repository\org\seleniumhq\selenium\selenium-support\3.7.1\selenium-support-3.7.1.jar;C:\Users\azegarrs\.m2\repository\net\bytebuddy\byte-buddy\1.7.5\byte-buddy-1.7.5.jar;C:\Users\azegarrs\.m2\repository\org\apache\commons\commons-exec\1.3\commons-exec-1.3.jar;C:\Users\azegarrs\.m2\repository\commons-codec\commons-codec\1.10\commons-codec-1.10.jar;C:\Users\azegarrs\.m2\repository\commons-logging\commons-logging\1.2\commons-logging-1.2.jar;C:\Users\azegarrs\.m2\repository\com\google\code\gson\gson\2.8.2\gson-2.8.2.jar;C:\Users\azegarrs\.m2\repository\com\google\guava\guava\23.0\guava-23.0.jar;C:\Users\azegarrs\.m2\repository\com\google\code\findbugs\jsr305\1.3.9\jsr305-1.3.9.jar;C:\Users\azegarrs\.m2\repository\com\google\errorprone\error_prone_annotations\2.0.18\error_prone_annotations-2.0.18.jar;C:\Users\azegarrs\.m2\repository\com\google\j2objc\j2objc-annotations\1.1\j2objc-annotations-1.1.jar;C:\Users\azegarrs\.m2\repository\org\codehaus\mojo\animal-sniffer-annotations\1.14\animal-sniffer-annotations-1.14.jar;C:\Users\azegarrs\.m2\repository\org\apache\httpcomponents\httpclient\4.5.3\httpclient-4.5.3.jar;C:\Users\azegarrs\.m2\repository\org\apache\httpcomponents\httpcore\4.4.6\httpcore-4.4.6.jar;C:\Users\azegarrs\.m2\repository\junit\junit\4.12\junit-4.12.jar;C:\Users\azegarrs\.m2\repository\org\hamcrest\hamcrest-core\1.3\hamcrest-core-1.3.jar;C:\Users\azegarrs\.m2\repository\org\json\json\20210307\json-20210307.jar;"/>
    <property name="java.vm.vendor" value="Oracle Corporation"/>
    <property name="sun.arch.data.model" value="64"/>
    <property name="user.variant" value=""/>
    <property name="java.vendor.url" value="http://java.oracle.com/"/>
    <property name="user.timezone" value="America/Bogota"/>
    <property name="java.vm.specification.version" value="1.8"/>
    <property name="os.name" value="Windows 10"/>
    <property name="user.country" value="US"/>
    <property name="sun.java.launcher" value="SUN_STANDARD"/>
    <property name="sun.boot.library.path" value="C:\Program Files\Java\jdk1.8.0_301\jre\bin"/>
    <property name="sun.java.command" value="C:\Users\azegarrs\AppData\Local\Temp\surefire5606029333587816306\surefirebooter6290297710925976623.jar C:\Users\azegarrs\AppData\Local\Temp\surefire5606029333587816306 2022-02-05T18-15-06_790-jvmRun1 surefire5566853152196679315tmp surefire_01526306667644604676tmp"/>
    <property name="surefire.test.class.path" value="C:\Users\azegarrs\OneDrive - everis\Escritorio\Aprende\AprendeAMZS\interview-template-main\target\test-classes;C:\Users\azegarrs\OneDrive - everis\Escritorio\Aprende\AprendeAMZS\interview-template-main\target\classes;C:\Users\azegarrs\.m2\repository\io\cucumber\cucumber-java\6.8.1\cucumber-java-6.8.1.jar;C:\Users\azegarrs\.m2\repository\io\cucumber\cucumber-core\6.8.1\cucumber-core-6.8.1.jar;C:\Users\azegarrs\.m2\repository\io\cucumber\cucumber-gherkin\6.8.1\cucumber-gherkin-6.8.1.jar;C:\Users\azegarrs\.m2\repository\io\cucumber\cucumber-gherkin-messages\6.8.1\cucumber-gherkin-messages-6.8.1.jar;C:\Users\azegarrs\.m2\repository\io\cucumber\tag-expressions\3.0.0\tag-expressions-3.0.0.jar;C:\Users\azegarrs\.m2\repository\io\cucumber\cucumber-expressions\10.3.0\cucumber-expressions-10.3.0.jar;C:\Users\azegarrs\.m2\repository\io\cucumber\datatable\3.5.0\datatable-3.5.0.jar;C:\Users\azegarrs\.m2\repository\io\cucumber\cucumber-plugin\6.8.1\cucumber-plugin-6.8.1.jar;C:\Users\azegarrs\.m2\repository\io\cucumber\docstring\6.8.1\docstring-6.8.1.jar;C:\Users\azegarrs\.m2\repository\io\cucumber\html-formatter\9.0.0\html-formatter-9.0.0.jar;C:\Users\azegarrs\.m2\repository\io\cucumber\create-meta\2.0.2\create-meta-2.0.2.jar;C:\Users\azegarrs\.m2\repository\org\apiguardian\apiguardian-api\1.1.0\apiguardian-api-1.1.0.jar;C:\Users\azegarrs\.m2\repository\io\cucumber\cucumber-picocontainer\6.8.1\cucumber-picocontainer-6.8.1.jar;C:\Users\azegarrs\.m2\repository\org\picocontainer\picocontainer\2.15\picocontainer-2.15.jar;C:\Users\azegarrs\.m2\repository\io\cucumber\cucumber-junit\6.8.1\cucumber-junit-6.8.1.jar;C:\Users\azegarrs\.m2\repository\io\cucumber\gherkin\15.0.2\gherkin-15.0.2.jar;C:\Users\azegarrs\.m2\repository\io\cucumber\messages\13.2.1\messages-13.2.1.jar;C:\Users\azegarrs\.m2\repository\org\seleniumhq\selenium\selenium-java\3.7.1\selenium-java-3.7.1.jar;C:\Users\azegarrs\.m2\repository\org\seleniumhq\selenium\selenium-api\3.7.1\selenium-api-3.7.1.jar;C:\Users\azegarrs\.m2\repository\org\seleniumhq\selenium\selenium-chrome-driver\3.7.1\selenium-chrome-driver-3.7.1.jar;C:\Users\azegarrs\.m2\repository\org\seleniumhq\selenium\selenium-edge-driver\3.7.1\selenium-edge-driver-3.7.1.jar;C:\Users\azegarrs\.m2\repository\org\seleniumhq\selenium\selenium-firefox-driver\3.7.1\selenium-firefox-driver-3.7.1.jar;C:\Users\azegarrs\.m2\repository\org\seleniumhq\selenium\selenium-ie-driver\3.7.1\selenium-ie-driver-3.7.1.jar;C:\Users\azegarrs\.m2\repository\org\seleniumhq\selenium\selenium-opera-driver\3.7.1\selenium-opera-driver-3.7.1.jar;C:\Users\azegarrs\.m2\repository\org\seleniumhq\selenium\selenium-remote-driver\3.7.1\selenium-remote-driver-3.7.1.jar;C:\Users\azegarrs\.m2\repository\org\seleniumhq\selenium\selenium-safari-driver\3.7.1\selenium-safari-driver-3.7.1.jar;C:\Users\azegarrs\.m2\repository\org\seleniumhq\selenium\selenium-support\3.7.1\selenium-support-3.7.1.jar;C:\Users\azegarrs\.m2\repository\net\bytebuddy\byte-buddy\1.7.5\byte-buddy-1.7.5.jar;C:\Users\azegarrs\.m2\repository\org\apache\commons\commons-exec\1.3\commons-exec-1.3.jar;C:\Users\azegarrs\.m2\repository\commons-codec\commons-codec\1.10\commons-codec-1.10.jar;C:\Users\azegarrs\.m2\repository\commons-logging\commons-logging\1.2\commons-logging-1.2.jar;C:\Users\azegarrs\.m2\repository\com\google\code\gson\gson\2.8.2\gson-2.8.2.jar;C:\Users\azegarrs\.m2\repository\com\google\guava\guava\23.0\guava-23.0.jar;C:\Users\azegarrs\.m2\repository\com\google\code\findbugs\jsr305\1.3.9\jsr305-1.3.9.jar;C:\Users\azegarrs\.m2\repository\com\google\errorprone\error_prone_annotations\2.0.18\error_prone_annotations-2.0.18.jar;C:\Users\azegarrs\.m2\repository\com\google\j2objc\j2objc-annotations\1.1\j2objc-annotations-1.1.jar;C:\Users\azegarrs\.m2\repository\org\codehaus\mojo\animal-sniffer-annotations\1.14\animal-sniffer-annotations-1.14.jar;C:\Users\azegarrs\.m2\repository\org\apache\httpcomponents\httpclient\4.5.3\httpclient-4.5.3.jar;C:\Users\azegarrs\.m2\repository\org\apache\httpcomponents\httpcore\4.4.6\httpcore-4.4.6.jar;C:\Users\azegarrs\.m2\repository\junit\junit\4.12\junit-4.12.jar;C:\Users\azegarrs\.m2\repository\org\hamcrest\hamcrest-core\1.3\hamcrest-core-1.3.jar;C:\Users\azegarrs\.m2\repository\org\json\json\20210307\json-20210307.jar;"/>
    <property name="sun.cpu.endian" value="little"/>
    <property name="user.home" value="C:\Users\azegarrs"/>
    <property name="user.language" value="es"/>
    <property name="java.specification.vendor" value="Oracle Corporation"/>
    <property name="java.home" value="C:\Program Files\Java\jdk1.8.0_301\jre"/>
    <property name="basedir" value="C:\Users\azegarrs\OneDrive - everis\Escritorio\Aprende\AprendeAMZS\interview-template-main"/>
    <property name="file.separator" value="\"/>
    <property name="line.separator" value="&#10;"/>
    <property name="java.vm.specification.vendor" value="Oracle Corporation"/>
    <property name="java.specification.name" value="Java Platform API Specification"/>
    <property name="java.awt.graphicsenv" value="sun.awt.Win32GraphicsEnvironment"/>
    <property name="surefire.real.class.path" value="C:\Users\azegarrs\AppData\Local\Temp\surefire5606029333587816306\surefirebooter6290297710925976623.jar"/>
    <property name="sun.boot.class.path" value="C:\Program Files\Java\jdk1.8.0_301\jre\lib\resources.jar;C:\Program Files\Java\jdk1.8.0_301\jre\lib\rt.jar;C:\Program Files\Java\jdk1.8.0_301\jre\lib\sunrsasign.jar;C:\Program Files\Java\jdk1.8.0_301\jre\lib\jsse.jar;C:\Program Files\Java\jdk1.8.0_301\jre\lib\jce.jar;C:\Program Files\Java\jdk1.8.0_301\jre\lib\charsets.jar;C:\Program Files\Java\jdk1.8.0_301\jre\lib\jfr.jar;C:\Program Files\Java\jdk1.8.0_301\jre\classes"/>
    <property name="user.script" value=""/>
    <property name="sun.management.compiler" value="HotSpot 64-Bit Tiered Compilers"/>
    <property name="java.runtime.version" value="1.8.0_301-b09"/>
    <property name="user.name" value="azegarrs"/>
    <property name="path.separator" value=";"/>
    <property name="os.version" value="10.0"/>
    <property name="java.endorsed.dirs" value="C:\Program Files\Java\jdk1.8.0_301\jre\lib\endorsed"/>
    <property name="java.runtime.name" value="Java(TM) SE Runtime Environment"/>
    <property name="file.encoding" value="Cp1252"/>
    <property name="java.vm.name" value="Java HotSpot(TM) 64-Bit Server VM"/>
    <property name="localRepository" value="C:\Users\azegarrs\.m2\repository"/>
    <property name="cucumber.options" value="--tags (@TC_3 and @Cert)"/>
    <property name="java.vendor.url.bug" value="http://bugreport.sun.com/bugreport/"/>
    <property name="java.io.tmpdir" value="C:\Users\azegarrs\AppData\Local\Temp\"/>
    <property name="java.version" value="1.8.0_301"/>
    <property name="user.dir" value="C:\Users\azegarrs\OneDrive - everis\Escritorio\Aprende\AprendeAMZS\interview-template-main"/>
    <property name="os.arch" value="amd64"/>
    <property name="java.vm.specification.name" value="Java Virtual Machine Specification"/>
    <property name="java.awt.printerjob" value="sun.awt.windows.WPrinterJob"/>
    <property name="sun.os.patch.level" value=""/>
    <property name="java.library.path" value="C:\Program Files\Java\jdk1.8.0_301\jre\bin;C:\WINDOWS\Sun\Java\bin;C:\WINDOWS\system32;C:\WINDOWS;C:\Program Files\Java\jdk1.8.0_301\bin;C:\Program Files\Common Files\Oracle\Java\javapath;C:\Program Files (x86)\Common Files\Oracle\Java\javapath;C:\WINDOWS\system32;C:\WINDOWS;C:\WINDOWS\System32\Wbem;C:\WINDOWS\System32\WindowsPowerShell\v1.0\;C:\WINDOWS\System32\OpenSSH\;C:\Users\azegarrs\Documents\amzs\programs\nodejs\;C:\Users\azegarrs\OneDrive - everis\Documentos\amzs\programs\pict33\;C:\Program Files\dotnet\;C:\Users\azegarrs\AppData\Local\Microsoft\WindowsApps;C:\Program Files\Java\jdk1.8.0_301\bin;C:\Users\azegarrs\AppData\Roaming\npm;C:\Users\azegarrs\AppData\Local\Programs\Git\cmd;C:\Users\azegarrs\AppData\Local\Android\Sdk\platform-tools;C:\Users\azegarrs\AppData\Local\Android\Sdk\tools;C:\Users\azegarrs\AppData\Local\Android\Sdk\tools\bin;C:\Users\azegarrs\AppData\Local\Android\Sdk\build-tools;C:\apache-maven-3.8.2\bin;C:\Users\azegarrs\AppData\Local\Programs\Appium\resources\app\node_modules\.bin;;."/>
    <property name="java.vm.info" value="mixed mode"/>
    <property name="java.vendor" value="Oracle Corporation"/>
    <property name="java.vm.version" value="25.301-b09"/>
    <property name="java.ext.dirs" value="C:\Program Files\Java\jdk1.8.0_301\jre\lib\ext;C:\WINDOWS\Sun\Java\lib\ext"/>
    <property name="sun.io.unicode.encoding" value="UnicodeLittle"/>
    <property name="java.class.version" value="52.0"/>
  </properties>
  <testcase name="I want to test a blockchain page" classname="Verify Blockchain Hash is correct for the first 5 blocks started from the block number 15" time="0.001">
    <system-err><![CDATA[Starting ChromeDriver 97.0.4692.71 (adefa7837d02a07a604c1e6eff0b3a09422ab88d-refs/branch-heads/4692@{#1247}) on port 16242
Only local connections are allowed.
Please see https://chromedriver.chromium.org/security-considerations for suggestions on keeping ChromeDriver safe.
ChromeDriver was started successfully.
feb 05, 2022 6:15:14 P.M. org.openqa.selenium.remote.ProtocolHandshake createSession
INFORMACIÓN: Detected dialect: W3C
]]></system-err>
  </testcase>
  <testcase name="I open the endpoint &quot;https://api.blockcypher.com/v1/btc/main/blocks/&quot; for block number &quot;15&quot;" classname="Verify Blockchain Hash is correct for the first 5 blocks started from the block number 15" time="1.965">
    <system-out><![CDATA[&amp#27;[32m.&amp#27;[0m]]></system-out>
  </testcase>
  <testcase name="I save the prev_block and the hash for the next 5 blocks using the same endpoint &quot;https://api.blockcypher.com/v1/btc/main/blocks/&quot;" classname="Verify Blockchain Hash is correct for the first 5 blocks started from the block number 15" time="1.759">
    <system-out><![CDATA[&amp#27;[32m.&amp#27;[0m]]></system-out>
  </testcase>
  <testcase name="I verify that each hash for a block is equal to the prev_block of the next block" classname="Verify Blockchain Hash is correct for the first 5 blocks started from the block number 15" time="0.001">
    <system-out><![CDATA[&amp#27;[32m.&amp#27;[0m]]></system-out>
  </testcase>
  <testcase name="" classname="Verify Blockchain Hash is correct for the first 5 blocks started from the block number 15" time="1.517">
    <system-out><![CDATA[&amp#27;[32m.&amp#27;[0m]]></system-out>
  </testcase>
  <testcase name="I want to test a blockchain page" classname="Verify Blockchain Hash is correct for the first 5 blocks started from the block number 15 #2" time="0">
    <system-err><![CDATA[Starting ChromeDriver 97.0.4692.71 (adefa7837d02a07a604c1e6eff0b3a09422ab88d-refs/branch-heads/4692@{#1247}) on port 18684
Only local connections are allowed.
Please see https://chromedriver.chromium.org/security-considerations for suggestions on keeping ChromeDriver safe.
ChromeDriver was started successfully.
feb 05, 2022 6:15:23 P.M. org.openqa.selenium.remote.ProtocolHandshake createSession
INFORMACIÓN: Detected dialect: W3C
]]></system-err>
  </testcase>
  <testcase name="I open the endpoint &quot;https://api.blockcypher.com/v1/btc/main/blocks/&quot; for block number &quot;15&quot;" classname="Verify Blockchain Hash is correct for the first 5 blocks started from the block number 15 #2" time="2.06">
    <system-out><![CDATA[&amp#27;[32m.&amp#27;[0m]]></system-out>
  </testcase>
  <testcase name="I save the value from the &quot;hash&quot; key in session" classname="Verify Blockchain Hash is correct for the first 5 blocks started from the block number 15 #2" time="0.063">
    <system-out><![CDATA[&amp#27;[32m.&amp#27;[0msaved (Key: hash = 00000000b3322c8c3ef7d2cf6da009a776e6a99ee65ec5a32f3f345712238473
]]></system-out>
  </testcase>
  <testcase name="I save the value from the &quot;hash&quot; key in session" classname="Verify Blockchain Hash is correct for the first 5 blocks started from the block number 15 #2" time="0.066">
    <system-out><![CDATA[&amp#27;[32m.&amp#27;[0msaved (Key: hash = 00000000174a25bb399b009cc8deff1c4b3ea84df7e93affaaf60dc3416cc4f5
]]></system-out>
  </testcase>
  <testcase name="I save the value from the &quot;hash&quot; key in session" classname="Verify Blockchain Hash is correct for the first 5 blocks started from the block number 15 #2" time="0.036">
    <system-out><![CDATA[&amp#27;[32m.&amp#27;[0msaved (Key: hash = 000000003ff1d0d70147acfbef5d6a87460ff5bcfce807c2d5b6f0a66bfdf809
]]></system-out>
  </testcase>
  <testcase name="I save the value from the &quot;hash&quot; key in session" classname="Verify Blockchain Hash is correct for the first 5 blocks started from the block number 15 #2" time="0.05">
    <system-out><![CDATA[&amp#27;[32m.&amp#27;[0msaved (Key: hash = 000000008693e98cf893e4c85a446b410bb4dfa129bd1be582c09ed3f0261116
]]></system-out>
  </testcase>
  <testcase name="I save the value from the &quot;hash&quot; key in session" classname="Verify Blockchain Hash is correct for the first 5 blocks started from the block number 15 #2" time="0.047">
    <system-out><![CDATA[&amp#27;[32m.&amp#27;[0msaved (Key: hash = 00000000841cb802ca97cf20fb9470480cae9e5daa5d06b4a18ae2d5dd7f186f
]]></system-out>
  </testcase>
  <testcase name="I open the endpoint &quot;https://api.blockcypher.com/v1/btc/main/blocks/&quot; for block number &quot;16&quot;" classname="Verify Blockchain Hash is correct for the first 5 blocks started from the block number 15 #2" time="0.147">
    <system-out><![CDATA[&amp#27;[32m.&amp#27;[0m]]></system-out>
  </testcase>
  <testcase name="the current &quot;prev_block&quot; key is equal to the value from session &quot;hash&quot;" classname="Verify Blockchain Hash is correct for the first 5 blocks started from the block number 15 #2" time="0.049">
    <system-out><![CDATA[&amp#27;[32m.&amp#27;[0mcurrentValue 00000000b3322c8c3ef7d2cf6da009a776e6a99ee65ec5a32f3f345712238473is equal to 00000000b3322c8c3ef7d2cf6da009a776e6a99ee65ec5a32f3f345712238473
]]></system-out>
  </testcase>
  <testcase name="the current &quot;prev_block&quot; key is equal to the value from session &quot;hash&quot;" classname="Verify Blockchain Hash is correct for the first 5 blocks started from the block number 15 #2" time="0.039">
    <system-out><![CDATA[&amp#27;[32m.&amp#27;[0mcurrentValue 00000000174a25bb399b009cc8deff1c4b3ea84df7e93affaaf60dc3416cc4f5is equal to 00000000174a25bb399b009cc8deff1c4b3ea84df7e93affaaf60dc3416cc4f5
]]></system-out>
  </testcase>
  <testcase name="the current &quot;prev_block&quot; key is equal to the value from session &quot;hash&quot;" classname="Verify Blockchain Hash is correct for the first 5 blocks started from the block number 15 #2" time="0.046">
    <system-out><![CDATA[&amp#27;[32m.&amp#27;[0mcurrentValue 000000003ff1d0d70147acfbef5d6a87460ff5bcfce807c2d5b6f0a66bfdf809is equal to 000000003ff1d0d70147acfbef5d6a87460ff5bcfce807c2d5b6f0a66bfdf809
]]></system-out>
  </testcase>
  <testcase name="the current &quot;prev_block&quot; key is equal to the value from session &quot;hash&quot;" classname="Verify Blockchain Hash is correct for the first 5 blocks started from the block number 15 #2" time="0.074">
    <system-out><![CDATA[&amp#27;[32m.&amp#27;[0mcurrentValue 000000008693e98cf893e4c85a446b410bb4dfa129bd1be582c09ed3f0261116is equal to 000000008693e98cf893e4c85a446b410bb4dfa129bd1be582c09ed3f0261116
]]></system-out>
  </testcase>
  <testcase name="the current &quot;prev_block&quot; key is equal to the value from session &quot;hash&quot;" classname="Verify Blockchain Hash is correct for the first 5 blocks started from the block number 15 #2" time="0.043">
    <system-out><![CDATA[&amp#27;[32m.&amp#27;[0mcurrentValue 00000000841cb802ca97cf20fb9470480cae9e5daa5d06b4a18ae2d5dd7f186fis equal to 00000000841cb802ca97cf20fb9470480cae9e5daa5d06b4a18ae2d5dd7f186f
]]></system-out>
  </testcase>
  <testcase name="I open the endpoint &quot;https://api.blockcypher.com/v1/btc/main/blocks/&quot; for block number &quot;17&quot;" classname="Verify Blockchain Hash is correct for the first 5 blocks started from the block number 15 #2" time="0.139">
    <system-out><![CDATA[&amp#27;[32m.&amp#27;[0m]]></system-out>
  </testcase>
  <testcase name="I open the endpoint &quot;https://api.blockcypher.com/v1/btc/main/blocks/&quot; for block number &quot;18&quot;" classname="Verify Blockchain Hash is correct for the first 5 blocks started from the block number 15 #2" time="0.397">
    <system-out><![CDATA[&amp#27;[32m.&amp#27;[0m]]></system-out>
  </testcase>
  <testcase name="I open the endpoint &quot;https://api.blockcypher.com/v1/btc/main/blocks/&quot; for block number &quot;19&quot;" classname="Verify Blockchain Hash is correct for the first 5 blocks started from the block number 15 #2" time="0.177">
    <system-out><![CDATA[&amp#27;[32m.&amp#27;[0m]]></system-out>
  </testcase>
  <testcase name="I open the endpoint &quot;https://api.blockcypher.com/v1/btc/main/blocks/&quot; for block number &quot;20&quot;" classname="Verify Blockchain Hash is correct for the first 5 blocks started from the block number 15 #2" time="0.154">
    <system-out><![CDATA[&amp#27;[32m.&amp#27;[0m]]></system-out>
  </testcase>
  <testcase name="" classname="Verify Blockchain Hash is correct for the first 5 blocks started from the block number 15 #2" time="1.558">
    <system-out><![CDATA[&amp#27;[32m.&amp#27;[0m]]></system-out>
  </testcase>
  <testcase name="I want to test a blockchain page" classname="Verify Blockchain Hash is correct for the previous 5 blocks started from the block number 15" time="0">
    <system-err><![CDATA[Starting ChromeDriver 97.0.4692.71 (adefa7837d02a07a604c1e6eff0b3a09422ab88d-refs/branch-heads/4692@{#1247}) on port 8805
Only local connections are allowed.
Please see https://chromedriver.chromium.org/security-considerations for suggestions on keeping ChromeDriver safe.
ChromeDriver was started successfully.
feb 05, 2022 6:15:32 P.M. org.openqa.selenium.remote.ProtocolHandshake createSession
INFORMACIÓN: Detected dialect: W3C
]]></system-err>
  </testcase>
  <testcase name="I open the endpoint &quot;https://api.blockcypher.com/v1/btc/main/blocks/&quot; for block number &quot;15&quot;" classname="Verify Blockchain Hash is correct for the previous 5 blocks started from the block number 15" time="2.069">
    <system-out><![CDATA[&amp#27;[32m.&amp#27;[0m]]></system-out>
  </testcase>
  <testcase name="I save the value from the &quot;prev_block&quot; key in session" classname="Verify Blockchain Hash is correct for the previous 5 blocks started from the block number 15" time="0.071">
    <system-out><![CDATA[&amp#27;[32m.&amp#27;[0msaved (Key: prev_block = 0000000080f17a0c5a67f663a9bc9969eb37e81666d9321125f0e293656f8a37
]]></system-out>
  </testcase>
  <testcase name="I save the value from the &quot;prev_block&quot; key in session" classname="Verify Blockchain Hash is correct for the previous 5 blocks started from the block number 15" time="0.037">
    <system-out><![CDATA[&amp#27;[32m.&amp#27;[0msaved (Key: prev_block = 000000005c51de2031a895adc145ee2242e919a01c6d61fb222a54a54b4d3089
]]></system-out>
  </testcase>
  <testcase name="I save the value from the &quot;prev_block&quot; key in session" classname="Verify Blockchain Hash is correct for the previous 5 blocks started from the block number 15" time="0.038">
    <system-out><![CDATA[&amp#27;[32m.&amp#27;[0msaved (Key: prev_block = 0000000027c2488e2510d1acf4369787784fa20ee084c258b58d9fbd43802b5e
]]></system-out>
  </testcase>
  <testcase name="I save the value from the &quot;prev_block&quot; key in session" classname="Verify Blockchain Hash is correct for the previous 5 blocks started from the block number 15" time="0.03">
    <system-out><![CDATA[&amp#27;[32m.&amp#27;[0msaved (Key: prev_block = 0000000097be56d606cdd9c54b04d4747e957d3608abe69198c661f2add73073
]]></system-out>
  </testcase>
  <testcase name="I save the value from the &quot;prev_block&quot; key in session" classname="Verify Blockchain Hash is correct for the previous 5 blocks started from the block number 15" time="0.031">
    <system-out><![CDATA[&amp#27;[32m.&amp#27;[0msaved (Key: prev_block = 000000002c05cc2e78923c34df87fd108b22221ac6076c18f3ade378a4d915e9
]]></system-out>
  </testcase>
  <testcase name="I open the endpoint &quot;https://api.blockcypher.com/v1/btc/main/blocks/&quot; for block number &quot;14&quot;" classname="Verify Blockchain Hash is correct for the previous 5 blocks started from the block number 15" time="0.322">
    <system-out><![CDATA[&amp#27;[32m.&amp#27;[0m]]></system-out>
  </testcase>
  <testcase name="the current &quot;hash&quot; key is equal to the value from session &quot;prev_block&quot;" classname="Verify Blockchain Hash is correct for the previous 5 blocks started from the block number 15" time="0.037">
    <system-out><![CDATA[&amp#27;[32m.&amp#27;[0mcurrentValue 0000000080f17a0c5a67f663a9bc9969eb37e81666d9321125f0e293656f8a37is equal to 0000000080f17a0c5a67f663a9bc9969eb37e81666d9321125f0e293656f8a37
]]></system-out>
  </testcase>
  <testcase name="the current &quot;hash&quot; key is equal to the value from session &quot;prev_block&quot;" classname="Verify Blockchain Hash is correct for the previous 5 blocks started from the block number 15" time="0.042">
    <system-out><![CDATA[&amp#27;[32m.&amp#27;[0mcurrentValue 000000005c51de2031a895adc145ee2242e919a01c6d61fb222a54a54b4d3089is equal to 000000005c51de2031a895adc145ee2242e919a01c6d61fb222a54a54b4d3089
]]></system-out>
  </testcase>
  <testcase name="the current &quot;hash&quot; key is equal to the value from session &quot;prev_block&quot;" classname="Verify Blockchain Hash is correct for the previous 5 blocks started from the block number 15" time="0.049">
    <system-out><![CDATA[&amp#27;[32m.&amp#27;[0mcurrentValue 0000000027c2488e2510d1acf4369787784fa20ee084c258b58d9fbd43802b5eis equal to 0000000027c2488e2510d1acf4369787784fa20ee084c258b58d9fbd43802b5e
]]></system-out>
  </testcase>
  <testcase name="the current &quot;hash&quot; key is equal to the value from session &quot;prev_block&quot;" classname="Verify Blockchain Hash is correct for the previous 5 blocks started from the block number 15" time="0.054">
    <system-out><![CDATA[&amp#27;[32m.&amp#27;[0mcurrentValue 0000000097be56d606cdd9c54b04d4747e957d3608abe69198c661f2add73073is equal to 0000000097be56d606cdd9c54b04d4747e957d3608abe69198c661f2add73073
]]></system-out>
  </testcase>
  <testcase name="the current &quot;hash&quot; key is equal to the value from session &quot;prev_block&quot;" classname="Verify Blockchain Hash is correct for the previous 5 blocks started from the block number 15" time="0.043">
    <system-out><![CDATA[&amp#27;[32m.&amp#27;[0mcurrentValue 000000002c05cc2e78923c34df87fd108b22221ac6076c18f3ade378a4d915e9is equal to 000000002c05cc2e78923c34df87fd108b22221ac6076c18f3ade378a4d915e9
]]></system-out>
  </testcase>
  <testcase name="I open the endpoint &quot;https://api.blockcypher.com/v1/btc/main/blocks/&quot; for block number &quot;13&quot;" classname="Verify Blockchain Hash is correct for the previous 5 blocks started from the block number 15" time="0.403">
    <system-out><![CDATA[&amp#27;[32m.&amp#27;[0m]]></system-out>
  </testcase>
  <testcase name="I open the endpoint &quot;https://api.blockcypher.com/v1/btc/main/blocks/&quot; for block number &quot;12&quot;" classname="Verify Blockchain Hash is correct for the previous 5 blocks started from the block number 15" time="0.452">
    <system-out><![CDATA[&amp#27;[32m.&amp#27;[0m]]></system-out>
  </testcase>
  <testcase name="I open the endpoint &quot;https://api.blockcypher.com/v1/btc/main/blocks/&quot; for block number &quot;11&quot;" classname="Verify Blockchain Hash is correct for the previous 5 blocks started from the block number 15" time="0.401">
    <system-out><![CDATA[&amp#27;[32m.&amp#27;[0m]]></system-out>
  </testcase>
  <testcase name="I open the endpoint &quot;https://api.blockcypher.com/v1/btc/main/blocks/&quot; for block number &quot;10&quot;" classname="Verify Blockchain Hash is correct for the previous 5 blocks started from the block number 15" time="0.145">
    <system-out><![CDATA[&amp#27;[32m.&amp#27;[0m]]></system-out>
  </testcase>
  <testcase name="" classname="Verify Blockchain Hash is correct for the previous 5 blocks started from the block number 15" time="1.219">
    <system-out><![CDATA[&amp#27;[32m.&amp#27;[0m]]></system-out>
  </testcase>
</testsuite>